[ INFO] - Gestor:50 31-03-2022 00:07:42 - Seleccionado OP5
[ WARN] - EmpleadoDataImplement:78 31-03-2022 00:08:07 - No existe ningún gerente/director con esa ID.
[ERROR] - Gestor:79 31-03-2022 00:08:07 - UserNotFoundException: Usuario con la ID = 1 no existe en la base de datos.
[ INFO] - Gestor:45 31-03-2022 00:08:20 - Seleccionado OP4
[ WARN] - EmpleadoDataImplement:69 31-03-2022 00:08:20 - No existe ningún empleado dado de alta.
[ERROR] - Gestor:68 31-03-2022 00:08:20 - No existe ningún empleado dado de alta.
[ INFO] - Gestor:45 31-03-2022 00:09:40 - Seleccionado OP4
[ERROR] - Gestor:68 31-03-2022 00:09:40 - No existe ningún empleado dado de alta.
[ INFO] - Gestor:40 31-03-2022 00:15:00 - Seleccionado OP3
[ERROR] - Gestor:55 31-03-2022 00:15:02 - java.lang.NullPointerException: Cannot invoke "Object.getClass()" because the return value of "java.util.Map.get(Object)" is null
[ INFO] - Gestor:40 31-03-2022 00:15:19 - Seleccionado OP3
[ERROR] - Gestor:55 31-03-2022 00:15:26 - java.lang.NullPointerException: Cannot invoke "Object.getClass()" because the return value of "java.util.Map.get(Object)" is null
[ INFO] - Gestor:40 31-03-2022 00:15:31 - Seleccionado OP3
[ERROR] - Gestor:55 31-03-2022 00:15:32 - java.lang.NullPointerException: Cannot invoke "Object.getClass()" because the return value of "java.util.Map.get(Object)" is null
[ INFO] - Gestor:35 31-03-2022 00:15:35 - Seleccionado OP2
[ERROR] - Gestor:40 31-03-2022 00:15:35 - UserNotFoundException: Usuario con la ID = 1 no existe en la base de datos.
[ INFO] - Gestor:45 31-03-2022 00:15:42 - Seleccionado OP4
[ERROR] - Gestor:68 31-03-2022 00:15:42 - No existe ningún empleado dado de alta.
[ INFO] - Gestor:50 31-03-2022 00:15:48 - Seleccionado OP5
[ WARN] - EmpleadoDataImplement:77 31-03-2022 00:15:49 - No existe ningún gerente/director con esa ID.
[ERROR] - Gestor:79 31-03-2022 00:15:49 - UserNotFoundException: Usuario con la ID = 1 no existe en la base de datos.
[ INFO] - Gestor:45 31-03-2022 00:16:12 - Seleccionado OP4
[ERROR] - Gestor:68 31-03-2022 00:16:12 - No existe ningún empleado dado de alta.
[ INFO] - Gestor:30 31-03-2022 00:16:16 - Seleccionado OP1
[ INFO] - Gestor:45 31-03-2022 00:16:32 - Seleccionado OP4
[ INFO] - Gestor:30 31-03-2022 00:16:43 - Seleccionado OP1
[ INFO] - Gestor:45 31-03-2022 00:17:13 - Seleccionado OP4
[ INFO] - Gestor:40 31-03-2022 00:17:45 - Seleccionado OP3
[ERROR] - Gestor:55 31-03-2022 00:17:46 - No se ha encontrado un empleado con rango básico para su ascenso con la ID: 1
[ INFO] - Gestor:40 31-03-2022 00:17:56 - Seleccionado OP3
[ERROR] - Gestor:55 31-03-2022 00:18:04 - No se ha encontrado un empleado con rango básico para su ascenso con la ID: 2
[ INFO] - Gestor:40 31-03-2022 00:18:09 - Seleccionado OP3
[ERROR] - Gestor:55 31-03-2022 00:18:11 - java.lang.NullPointerException: Cannot invoke "Object.getClass()" because the return value of "java.util.Map.get(Object)" is null
[ INFO] - Gestor:45 31-03-2022 00:18:23 - Seleccionado OP4
[ INFO] - Gestor:30 31-03-2022 00:51:39 - Seleccionado OP1
[ INFO] - Gestor:45 31-03-2022 00:51:53 - Seleccionado OP4
[ INFO] - Gestor:50 31-03-2022 00:51:57 - Seleccionado OP5
[ WARN] - EmpleadoDataImplement:82 31-03-2022 00:51:59 - No existe ningún gerente/director con esa ID.
[ERROR] - Gestor:80 31-03-2022 00:51:59 - UserNotFoundException: Usuario con la ID = 1 no existe en la base de datos.
[ INFO] - Gestor:55 31-03-2022 00:52:11 - Seleccionado OP6
[ INFO] - Gestor:45 31-03-2022 00:52:29 - Seleccionado OP4
[ INFO] - Gestor:50 31-03-2022 00:52:36 - Seleccionado OP5
[ WARN] - EmpleadoDataImplement:82 31-03-2022 00:52:40 - No existe ningún gerente/director con esa ID.
[ERROR] - Gestor:80 31-03-2022 00:52:40 - UserNotFoundException: Usuario con la ID = 6 no existe en la base de datos.
[ INFO] - Gestor:55 31-03-2022 00:52:41 - Seleccionado OP6
[ INFO] - Gestor:45 31-03-2022 00:52:53 - Seleccionado OP4
[ INFO] - Gestor:40 31-03-2022 00:53:05 - Seleccionado OP3
[ INFO] - EmpleadoDataImplement:57 31-03-2022 00:53:15 - El empleado Pepito de los palotes ha sido ascendido a Gerente, matrícula: 2029CNZ
[ INFO] - Gestor:50 31-03-2022 00:53:20 - Seleccionado OP5
[ WARN] - EmpleadoDataImplement:82 31-03-2022 00:53:24 - No existe ningún gerente/director con esa ID.
[ERROR] - Gestor:80 31-03-2022 00:53:24 - UserNotFoundException: Usuario con la ID = 5 no existe en la base de datos.
[ INFO] - Gestor:55 31-03-2022 00:53:27 - Seleccionado OP6
[ INFO] - Gestor:45 31-03-2022 00:53:35 - Seleccionado OP4
[ INFO] - Gestor:55 31-03-2022 00:55:01 - Seleccionado OP6
[ERROR] - Gestor:97 31-03-2022 00:55:02 - No existe ningún empleado dado de alta.
[ INFO] - Gestor:30 31-03-2022 00:55:09 - Seleccionado OP1
[ INFO] - Gestor:45 31-03-2022 00:55:16 - Seleccionado OP4
[ INFO] - Gestor:55 31-03-2022 00:55:20 - Seleccionado OP6
[ERROR] - Gestor:99 31-03-2022 00:55:36 - java.lang.NullPointerException: Cannot invoke "com.gestionempleados.model.Empleado.setSalario(double)" because "emp" is null
[ INFO] - Gestor:55 31-03-2022 00:56:50 - Seleccionado OP6
[ERROR] - Gestor:97 31-03-2022 00:56:51 - No existe ningún empleado dado de alta.
[ INFO] - Gestor:30 31-03-2022 00:56:53 - Seleccionado OP1
[ INFO] - Gestor:55 31-03-2022 00:57:03 - Seleccionado OP6
[ INFO] - Gestor:30 31-03-2022 00:59:38 - Seleccionado OP1
[ INFO] - Gestor:55 31-03-2022 00:59:43 - Seleccionado OP6
[ERROR] - Gestor:98 31-03-2022 00:59:44 - UserNotFoundException: Usuario con la ID = 2 no existe en la base de datos.
[ INFO] - Gestor:55 31-03-2022 00:59:55 - Seleccionado OP6
[ INFO] - Gestor:30 31-03-2022 01:00:49 - Seleccionado OP1
[ INFO] - Gestor:55 31-03-2022 01:00:54 - Seleccionado OP6
[ INFO] - Gestor:97 31-03-2022 01:00:59 - Usuario con ID: 1 actualizado
[ INFO] - Gestor:60 31-03-2022 01:03:57 - Seleccionado OP0
