[ INFO] - Gestor:35 30-03-2022 21:50:02 - Seleccionado OP2
[ INFO] - Gestor:30 30-03-2022 23:15:44 - Seleccionado OP1
[ INFO] - Gestor:45 30-03-2022 23:16:00 - Seleccionado OP3
[ INFO] - Gestor:35 30-03-2022 23:16:09 - Seleccionado OP2
[ INFO] - Gestor:45 30-03-2022 23:16:18 - Seleccionado OP3
[ WARN] - EmpleadoDataImplement:66 30-03-2022 23:16:18 - No existe ningún empleado dado de alta.
[ INFO] - Gestor:30 30-03-2022 23:16:22 - Seleccionado OP1
[ INFO] - Gestor:45 30-03-2022 23:16:34 - Seleccionado OP3
[ INFO] - Gestor:30 30-03-2022 23:16:41 - Seleccionado OP1
[ INFO] - Gestor:35 30-03-2022 23:17:06 - Seleccionado OP2
[ INFO] - Gestor:45 30-03-2022 23:17:14 - Seleccionado OP3
[ INFO] - Gestor:30 30-03-2022 23:17:19 - Seleccionado OP1
[ INFO] - Gestor:45 30-03-2022 23:17:26 - Seleccionado OP3
[ INFO] - Gestor:35 30-03-2022 23:17:36 - Seleccionado OP2
[ INFO] - Gestor:35 30-03-2022 23:17:40 - Seleccionado OP2
[ INFO] - Gestor:35 30-03-2022 23:17:43 - Seleccionado OP2
[ INFO] - Gestor:30 30-03-2022 23:17:48 - Seleccionado OP1
[ INFO] - Gestor:45 30-03-2022 23:17:56 - Seleccionado OP3
[ INFO] - Gestor:35 30-03-2022 23:18:01 - Seleccionado OP2
[ INFO] - Gestor:30 30-03-2022 23:18:05 - Seleccionado OP1
[ INFO] - Gestor:45 30-03-2022 23:18:11 - Seleccionado OP3
[ INFO] - Gestor:45 30-03-2022 23:18:53 - Seleccionado OP3
[ INFO] - Gestor:35 30-03-2022 23:18:56 - Seleccionado OP2
[ INFO] - Gestor:45 30-03-2022 23:19:02 - Seleccionado OP3
[ WARN] - EmpleadoDataImplement:66 30-03-2022 23:19:02 - No existe ningún empleado dado de alta.
[ INFO] - Gestor:45 30-03-2022 23:19:04 - Seleccionado OP3
[ WARN] - EmpleadoDataImplement:66 30-03-2022 23:19:04 - No existe ningún empleado dado de alta.
[ INFO] - Gestor:35 30-03-2022 23:19:19 - Seleccionado OP2
[ INFO] - Gestor:40 30-03-2022 23:19:23 - Seleccionado OP2
[ INFO] - Gestor:30 30-03-2022 23:21:00 - Seleccionado OP1
[ INFO] - Gestor:40 30-03-2022 23:21:20 - Seleccionado OP2
[ INFO] - EmpleadoDataImplement:50 30-03-2022 23:21:25 - El empleado Luis Peralta ha sido ascendido a Gerente, matrícula: 2029CNZ
[ INFO] - Gestor:45 30-03-2022 23:21:28 - Seleccionado OP3
[ INFO] - Gestor:40 30-03-2022 23:21:32 - Seleccionado OP2
[ INFO] - EmpleadoDataImplement:50 30-03-2022 23:21:35 - El empleado Luis Peralta ha sido ascendido a Gerente, matrícula: ss
[ INFO] - Gestor:30 30-03-2022 23:30:43 - Seleccionado OP1
[ INFO] - Gestor:40 30-03-2022 23:31:00 - Seleccionado OP2
[ INFO] - EmpleadoDataImplement:50 30-03-2022 23:31:04 - El empleado Juana ha sido ascendido a Gerente, matrícula: 2029CNZ12
[ INFO] - Gestor:45 30-03-2022 23:31:10 - Seleccionado OP3
[ INFO] - Gestor:40 30-03-2022 23:31:14 - Seleccionado OP2
[ INFO] - Gestor:35 30-03-2022 23:31:26 - Seleccionado OP2
[ INFO] - Gestor:30 30-03-2022 23:32:55 - Seleccionado OP1
[ERROR] - Gestor:37 30-03-2022 23:32:57 - java.util.InputMismatchException: Value out of range. Value:"5555555" Radix:10
[ INFO] - Gestor:40 30-03-2022 23:33:08 - Seleccionado OP2
[ INFO] - EmpleadoDataImplement:50 30-03-2022 23:33:12 - El empleado 5555555 ha sido ascendido a Gerente, matrícula: 222
[ INFO] - Gestor:40 30-03-2022 23:33:15 - Seleccionado OP2
[ INFO] - Gestor:35 30-03-2022 23:33:22 - Seleccionado OP2
[ INFO] - Gestor:35 30-03-2022 23:33:27 - Seleccionado OP2
[ INFO] - Gestor:30 30-03-2022 23:50:28 - Seleccionado OP1
[ INFO] - Gestor:45 30-03-2022 23:50:45 - Seleccionado OP4
[ INFO] - Gestor:40 30-03-2022 23:50:51 - Seleccionado OP3
[ INFO] - EmpleadoDataImplement:51 30-03-2022 23:51:07 - El empleado Pepe Luis ha sido ascendido a Gerente, matrícula: 2029CNZ12
[ INFO] - Gestor:45 30-03-2022 23:51:19 - Seleccionado OP4
[ INFO] - Gestor:50 30-03-2022 23:51:30 - Seleccionado OP5
[ INFO] - Gestor:45 30-03-2022 23:51:40 - Seleccionado OP4
[ INFO] - Gestor:40 30-03-2022 23:51:52 - Seleccionado OP3
[ INFO] - Gestor:45 30-03-2022 23:52:07 - Seleccionado OP4
[ INFO] - Gestor:35 30-03-2022 23:52:09 - Seleccionado OP2
[ INFO] - Gestor:45 30-03-2022 23:52:20 - Seleccionado OP4
[ WARN] - EmpleadoDataImplement:67 30-03-2022 23:52:20 - No existe ningún empleado dado de alta.
[ INFO] - Gestor:50 30-03-2022 23:52:27 - Seleccionado OP5
[ WARN] - EmpleadoDataImplement:75 30-03-2022 23:52:30 - No existe ningún gerente/director con esa ID.
[ INFO] - Gestor:30 30-03-2022 23:52:35 - Seleccionado OP1
[ERROR] - Gestor:53 30-03-2022 23:52:37 - java.util.InputMismatchException
[ INFO] - Gestor:45 30-03-2022 23:52:46 - Seleccionado OP4
[ INFO] - Gestor:50 30-03-2022 23:52:50 - Seleccionado OP5
[ WARN] - EmpleadoDataImplement:75 30-03-2022 23:52:51 - No existe ningún gerente/director con esa ID.
