[ INFO] - Gestor:29 21-03-2022 00:35:52 - Seleccionado OP1
[ INFO] - Gestor:29 21-03-2022 00:36:18 - Seleccionado OP1
[ INFO] - Gestor:39 21-03-2022 00:36:37 - Seleccionado OP3
[ INFO] - Gestor:29 21-03-2022 00:40:24 - Seleccionado OP1
[ INFO] - Gestor:29 21-03-2022 00:40:32 - Seleccionado OP1
[ INFO] - Gestor:29 21-03-2022 00:40:47 - Seleccionado OP1
[ INFO] - Gestor:39 21-03-2022 00:40:53 - Seleccionado OP3
[ INFO] - Gestor:29 21-03-2022 00:41:13 - Seleccionado OP1
[ INFO] - Gestor:39 21-03-2022 00:41:23 - Seleccionado OP3
[ INFO] - Gestor:29 21-03-2022 00:42:20 - Seleccionado OP1
[ INFO] - Gestor:29 21-03-2022 00:42:27 - Seleccionado OP1
[ INFO] - Gestor:29 21-03-2022 00:42:33 - Seleccionado OP1
[ INFO] - Gestor:29 21-03-2022 00:42:40 - Seleccionado OP1
[ INFO] - Gestor:39 21-03-2022 00:42:50 - Seleccionado OP3
[ INFO] - Gestor:29 21-03-2022 00:58:58 - Seleccionado OP1
[ INFO] - Gestor:29 21-03-2022 00:59:17 - Seleccionado OP1
[ INFO] - Gestor:29 21-03-2022 00:59:31 - Seleccionado OP1
[ INFO] - Gestor:39 21-03-2022 00:59:52 - Seleccionado OP3
[ INFO] - Gestor:34 21-03-2022 00:59:56 - Seleccionado OP2
[ INFO] - Gestor:39 21-03-2022 01:00:12 - Seleccionado OP3
[ INFO] - Gestor:34 21-03-2022 01:00:28 - Seleccionado OP2
[ INFO] - Gestor:39 21-03-2022 01:00:38 - Seleccionado OP3
[ INFO] - Gestor:29 21-03-2022 01:05:46 - Seleccionado OP1
[ INFO] - Gestor:29 21-03-2022 01:05:52 - Seleccionado OP1
[ INFO] - Gestor:29 21-03-2022 01:05:56 - Seleccionado OP1
[ INFO] - Gestor:39 21-03-2022 01:06:03 - Seleccionado OP3
[ INFO] - Gestor:34 21-03-2022 01:06:40 - Seleccionado OP2
[ INFO] - Gestor:39 21-03-2022 01:06:46 - Seleccionado OP3
[ INFO] - Gestor:29 21-03-2022 01:11:49 - Seleccionado OP1
[ERROR] - Gestor:54 21-03-2022 01:11:57 - java.util.InputMismatchException
[ INFO] - Gestor:29 21-03-2022 01:12:00 - Seleccionado OP1
[ INFO] - Gestor:39 21-03-2022 01:12:08 - Seleccionado OP3
[ INFO] - Gestor:34 21-03-2022 01:12:13 - Seleccionado OP2
[ INFO] - EmpleadoDataImplement:37 21-03-2022 01:12:20 - El empleado Pepito ha sido ascendido a Gerente, matrícula: 2029CNZ
[ INFO] - Gestor:39 21-03-2022 01:12:32 - Seleccionado OP3
[ INFO] - Gestor:34 21-03-2022 01:14:15 - Seleccionado OP2
[ INFO] - EmpleadoDataImplement:37 21-03-2022 01:14:22 - El empleado Pepito ha sido ascendido a Gerente, matrícula: 2029fgffff
[ INFO] - Gestor:29 21-03-2022 01:17:00 - Seleccionado OP1
[ INFO] - Gestor:34 21-03-2022 01:17:14 - Seleccionado OP2
[ INFO] - EmpleadoDataImplement:37 21-03-2022 01:17:19 - El empleado Jose Luís ha sido ascendido a Gerente, matrícula: 2029CNZ
[ INFO] - Gestor:29 21-03-2022 01:21:03 - Seleccionado OP1
[ INFO] - Gestor:29 21-03-2022 01:27:06 - Seleccionado OP1
[ INFO] - Gestor:29 21-03-2022 01:27:47 - Seleccionado OP1
[ INFO] - Gestor:29 21-03-2022 01:28:01 - Seleccionado OP1
[ INFO] - Gestor:29 21-03-2022 01:28:15 - Seleccionado OP1
[ INFO] - Gestor:29 21-03-2022 01:28:54 - Seleccionado OP1
[ INFO] - Gestor:39 21-03-2022 01:29:13 - Seleccionado OP3
[ INFO] - Gestor:34 21-03-2022 01:29:33 - Seleccionado OP2
[ INFO] - EmpleadoDataImplement:37 21-03-2022 01:29:38 - El empleado Luisito Comunica ha sido ascendido a Gerente, matrícula: Tolueno
[ INFO] - Gestor:39 21-03-2022 01:29:46 - Seleccionado OP3
[ INFO] - Gestor:29 21-03-2022 01:31:19 - Seleccionado OP1
[ INFO] - Gestor:29 21-03-2022 01:31:34 - Seleccionado OP1
[ INFO] - Gestor:29 21-03-2022 01:31:55 - Seleccionado OP1
[ INFO] - Gestor:39 21-03-2022 01:32:21 - Seleccionado OP3
[ INFO] - Gestor:34 21-03-2022 01:32:52 - Seleccionado OP2
[ INFO] - EmpleadoDataImplement:37 21-03-2022 01:32:59 - El empleado Carlitros ha sido ascendido a Gerente, matrícula: Topotamadre
[ INFO] - Gestor:39 21-03-2022 01:33:01 - Seleccionado OP3
[ INFO] - Gestor:29 21-03-2022 01:35:24 - Seleccionado OP1
[ INFO] - Gestor:29 21-03-2022 01:35:46 - Seleccionado OP1
[ INFO] - Gestor:39 21-03-2022 01:36:08 - Seleccionado OP3
[ INFO] - Gestor:34 21-03-2022 01:36:18 - Seleccionado OP2
[ INFO] - EmpleadoDataImplement:37 21-03-2022 01:36:26 - El empleado Juan Rubén ha sido ascendido a Gerente, matrícula: 1974FRS
[ INFO] - Gestor:39 21-03-2022 01:36:33 - Seleccionado OP3
[ INFO] - Gestor:44 21-03-2022 01:36:57 - Seleccionado OP4
[ INFO] - Gestor:30 21-03-2022 03:17:19 - Seleccionado OP1
[ INFO] - Gestor:30 21-03-2022 03:18:08 - Seleccionado OP1
[ INFO] - Gestor:30 21-03-2022 03:19:21 - Seleccionado OP1
[ INFO] - Gestor:30 21-03-2022 03:20:28 - Seleccionado OP1
[ INFO] - Gestor:30 21-03-2022 03:21:21 - Seleccionado OP1
[ INFO] - Gestor:30 21-03-2022 03:22:14 - Seleccionado OP1
[ INFO] - Gestor:40 21-03-2022 03:22:26 - Seleccionado OP3
[ INFO] - Gestor:30 21-03-2022 03:22:49 - Seleccionado OP1
[ INFO] - Gestor:30 21-03-2022 03:22:59 - Seleccionado OP1
[ERROR] - Gestor:55 21-03-2022 03:23:08 - java.util.InputMismatchException
[ INFO] - Gestor:40 21-03-2022 03:23:16 - Seleccionado OP3
[ INFO] - Gestor:30 21-03-2022 03:23:23 - Seleccionado OP1
[ERROR] - Gestor:55 21-03-2022 03:23:27 - java.util.InputMismatchException
[ INFO] - Gestor:40 21-03-2022 03:23:32 - Seleccionado OP3
[ INFO] - Gestor:35 21-03-2022 03:23:36 - Seleccionado OP2
[ INFO] - Gestor:30 21-03-2022 03:28:14 - Seleccionado OP1
[ERROR] - Gestor:55 21-03-2022 03:28:22 - java.util.InputMismatchException
[ INFO] - Gestor:40 21-03-2022 03:28:31 - Seleccionado OP3
[ INFO] - Gestor:30 21-03-2022 03:28:34 - Seleccionado OP1
[ INFO] - Gestor:30 21-03-2022 03:28:40 - Seleccionado OP1
[ INFO] - Gestor:35 21-03-2022 03:28:46 - Seleccionado OP2
[ INFO] - Gestor:35 21-03-2022 03:28:49 - Seleccionado OP2
[ INFO] - Gestor:40 21-03-2022 03:28:51 - Seleccionado OP3
[ INFO] - Gestor:40 21-03-2022 03:28:53 - Seleccionado OP3
[ INFO] - Gestor:30 21-03-2022 03:28:55 - Seleccionado OP1
[ INFO] - Gestor:40 21-03-2022 03:29:33 - Seleccionado OP3
[ INFO] - Gestor:35 21-03-2022 03:29:41 - Seleccionado OP2
[ INFO] - Gestor:30 21-03-2022 03:29:46 - Seleccionado OP1
[ INFO] - Gestor:30 21-03-2022 03:31:36 - Seleccionado OP1
[ INFO] - Gestor:40 21-03-2022 03:31:51 - Seleccionado OP3
[ INFO] - Gestor:30 21-03-2022 03:33:59 - Seleccionado OP1
[ INFO] - Gestor:30 21-03-2022 03:34:09 - Seleccionado OP1
[ERROR] - Gestor:55 21-03-2022 03:34:19 - java.util.InputMismatchException: Value out of range. Value:"222" Radix:10
[ INFO] - Gestor:30 21-03-2022 03:34:23 - Seleccionado OP1
[ INFO] - Gestor:30 21-03-2022 03:35:56 - Seleccionado OP1
[ INFO] - Gestor:30 21-03-2022 03:36:09 - Seleccionado OP1
[ INFO] - Gestor:30 21-03-2022 03:36:23 - Seleccionado OP1
[ INFO] - Gestor:40 21-03-2022 03:36:49 - Seleccionado OP3
[ INFO] - Gestor:35 21-03-2022 03:37:03 - Seleccionado OP2
[ INFO] - EmpleadoDataImplement:37 21-03-2022 03:37:11 - El empleado Louis ha sido ascendido a Gerente, matrícula: 656565
[ INFO] - Gestor:40 21-03-2022 03:37:36 - Seleccionado OP3
[ INFO] - Gestor:30 21-03-2022 03:37:53 - Seleccionado OP1
[ERROR] - Gestor:55 21-03-2022 03:37:55 - java.util.InputMismatchException
[ INFO] - Gestor:30 21-03-2022 03:39:51 - Seleccionado OP1
[ERROR] - Gestor:31 21-03-2022 03:39:52 - java.util.InputMismatchException
[ INFO] - Gestor:30 21-03-2022 03:39:59 - Seleccionado OP1
[ERROR] - Gestor:31 21-03-2022 03:39:59 - java.util.InputMismatchException
[ INFO] - Gestor:30 21-03-2022 03:40:01 - Seleccionado OP1
[ERROR] - Gestor:31 21-03-2022 03:40:02 - java.util.InputMismatchException
[ INFO] - Gestor:30 21-03-2022 03:40:03 - Seleccionado OP1
[ERROR] - Gestor:31 21-03-2022 03:40:04 - java.util.InputMismatchException: Value out of range. Value:"22222" Radix:10
[ INFO] - Gestor:40 21-03-2022 03:40:07 - Seleccionado OP3
[ INFO] - Gestor:30 21-03-2022 03:43:36 - Seleccionado OP1
[ERROR] - Gestor:33 21-03-2022 03:43:37 - java.util.InputMismatchException
[ INFO] - Gestor:30 21-03-2022 03:45:08 - Seleccionado OP1
[ERROR] - Gestor:33 21-03-2022 03:45:08 - java.util.InputMismatchException
[ERROR] - Gestor:33 21-03-2022 03:45:11 - java.util.InputMismatchException
[ERROR] - Gestor:33 21-03-2022 03:45:13 - java.util.InputMismatchException
[ERROR] - Gestor:33 21-03-2022 03:45:16 - java.util.InputMismatchException
[ERROR] - Gestor:33 21-03-2022 03:45:18 - java.util.InputMismatchException: Value out of range. Value:"4444" Radix:10
[ INFO] - Gestor:30 21-03-2022 03:46:10 - Seleccionado OP1
[ERROR] - Gestor:37 21-03-2022 03:46:11 - java.util.InputMismatchException
[ERROR] - Gestor:37 21-03-2022 03:46:12 - java.util.InputMismatchException
[ERROR] - Gestor:37 21-03-2022 03:46:15 - java.util.InputMismatchException
[ERROR] - Gestor:37 21-03-2022 03:46:16 - java.util.InputMismatchException
[ INFO] - Gestor:40 21-03-2022 03:46:33 - Seleccionado OP3
[ INFO] - Gestor:30 21-03-2022 03:46:36 - Seleccionado OP1
[ INFO] - Gestor:30 21-03-2022 03:46:47 - Seleccionado OP1
[ERROR] - Gestor:37 21-03-2022 03:46:48 - java.util.InputMismatchException
[ERROR] - Gestor:53 21-03-2022 03:46:52 - java.util.InputMismatchException
[ERROR] - Gestor:53 21-03-2022 03:46:55 - java.util.InputMismatchException
[ERROR] - Gestor:53 21-03-2022 03:46:56 - java.util.InputMismatchException
[ INFO] - Gestor:40 21-03-2022 03:47:05 - Seleccionado OP3
[ INFO] - Gestor:35 21-03-2022 03:47:11 - Seleccionado OP2
[ INFO] - EmpleadoDataImplement:37 21-03-2022 03:47:16 - El empleado Juana ha sido ascendido a Gerente, matrícula: 2029CNZ
[ INFO] - Gestor:40 21-03-2022 03:51:19 - Seleccionado OP3
[ WARN] - EmpleadoDataImplement:46 21-03-2022 03:51:19 - No existe ningún empleado dado de alta.
[ INFO] - Gestor:35 21-03-2022 03:51:58 - Seleccionado OP2
[ INFO] - Gestor:35 21-03-2022 03:55:17 - Seleccionado OP2
[ INFO] - Gestor:35 21-03-2022 03:58:23 - Seleccionado OP2
[ INFO] - Gestor:35 21-03-2022 03:58:30 - Seleccionado OP2
[ INFO] - Gestor:35 21-03-2022 03:58:34 - Seleccionado OP2
[ERROR] - Gestor:39 21-03-2022 03:58:35 - java.util.InputMismatchException
[ INFO] - Gestor:30 21-03-2022 03:58:40 - Seleccionado OP1
[ INFO] - Gestor:40 21-03-2022 03:58:51 - Seleccionado OP3
[ INFO] - Gestor:35 21-03-2022 03:58:56 - Seleccionado OP2
[ INFO] - EmpleadoDataImplement:40 21-03-2022 03:59:03 - El empleado Juana ha sido ascendido a Gerente, matrícula: 2029CNZ
[ INFO] - Gestor:45 21-03-2022 03:59:31 - Seleccionado OP4
[ INFO] - Gestor:40 21-03-2022 04:02:36 - Seleccionado OP3
[ WARN] - EmpleadoDataImplement:56 21-03-2022 04:02:36 - No existe ningún empleado dado de alta.
[ INFO] - Gestor:35 21-03-2022 04:02:43 - Seleccionado OP2
[ INFO] - Gestor:35 21-03-2022 04:02:46 - Seleccionado OP2
[ INFO] - Gestor:35 21-03-2022 04:02:48 - Seleccionado OP2
[ERROR] - Gestor:39 21-03-2022 04:02:50 - java.util.InputMismatchException: For input string: "333333333333333333333333333"
[ INFO] - Gestor:35 21-03-2022 04:02:52 - Seleccionado OP2
[ INFO] - Gestor:35 21-03-2022 04:02:56 - Seleccionado OP2
[ERROR] - Gestor:39 21-03-2022 04:02:58 - java.util.InputMismatchException: For input string: "222222222222222222222222222222222222222222222222"
[ INFO] - Gestor:30 21-03-2022 04:03:00 - Seleccionado OP1
[ INFO] - Gestor:35 21-03-2022 04:03:05 - Seleccionado OP2
[ INFO] - EmpleadoDataImplement:40 21-03-2022 04:03:06 - El empleado 1 ha sido ascendido a Gerente, matrícula: 2
[ INFO] - Gestor:40 21-03-2022 04:03:09 - Seleccionado OP3
